[2022-04-22T18:17:49.168Z] Validating found git in: git
[2022-04-22T18:17:49.192Z] Using git 2.32.0 from git
[2022-04-22T18:17:49.209Z] > git rev-parse --git-dir [1ms]
[2022-04-22T18:17:49.212Z] Open repository: /home/ranchhor
[2022-04-22T18:17:50.198Z] > git ls-files --stage -- /home/ranchhor/Desktop/CODE/React/SpotifyClone/spotify-clone/src/login.js [2ms]
[2022-04-22T18:17:52.649Z] > git ls-files --stage -- /home/ranchhor/Desktop/CODE/React/SpotifyClone/spotify-clone/server/server.js [1ms]
[2022-04-22T18:17:52.688Z] > git ls-files --stage -- /home/ranchhor/Desktop/CODE/React/SpotifyClone/spotify-clone/server/server.js [1ms]
[2022-04-22T18:18:08.206Z] > git ls-files --stage -- /home/ranchhor/Desktop/CODE/React/SpotifyClone/spotify-clone/src/App.js [4ms]
[2022-04-22T18:18:09.960Z] > git ls-files --stage -- /home/ranchhor/Desktop/CODE/React/SpotifyClone/spotify-clone/server/server.js [2ms]
[2022-04-22T18:18:11.047Z] > git ls-files --stage -- /home/ranchhor/Desktop/CODE/React/SpotifyClone/spotify-clone/src/login.js [1ms]
[2022-04-22T18:18:19.448Z] > git symbolic-ref --short HEAD [2ms]
[2022-04-22T18:18:19.455Z] > git for-each-ref --format=%(refname)%00%(upstream:short)%00%(objectname)%00%(upstream:track) refs/heads/main refs/remotes/main [1ms]
[2022-04-22T18:18:19.466Z] > git for-each-ref --sort -committerdate --format %(refname) %(objectname) %(*objectname) [6ms]
[2022-04-22T18:18:19.466Z] > git remote --verbose [1ms]
[2022-04-22T18:18:21.422Z] > git config --get commit.template [1824ms]
[2022-04-22T18:19:44.425Z] > git ls-files --stage -- /home/ranchhor/Desktop/CODE/React/SpotifyClone/spotify-clone/server/server.js [3ms]
[2022-04-22T18:24:35.024Z] > git ls-files --stage -- /home/ranchhor/Desktop/CODE/React/SpotifyClone/spotify-clone/server/package.json [2ms]
[2022-04-22T18:24:35.565Z] > git ls-files --stage -- /home/ranchhor/Desktop/CODE/React/SpotifyClone/spotify-clone/src/login.js [3ms]
[2022-04-22T18:26:55.172Z] > git ls-files --stage -- /home/ranchhor/Desktop/CODE/React/SpotifyClone/spotify-clone/server/server.js [3ms]
[2022-04-22T18:26:57.263Z] > git ls-files --stage -- /home/ranchhor/Desktop/CODE/React/SpotifyClone/spotify-clone/server/package.json [3ms]
[2022-04-22T18:27:06.470Z] > git ls-files --stage -- /home/ranchhor/Desktop/CODE/React/SpotifyClone/spotify-clone/server/server.js [5ms]
[2022-04-22T18:31:32.463Z] > git ls-files --stage -- /home/ranchhor/Desktop/CODE/React/SpotifyClone/spotify-clone/src/login.js [3ms]
[2022-04-22T18:31:48.176Z] > git ls-files --stage -- /home/ranchhor/Desktop/CODE/React/SpotifyClone/spotify-clone/server/server.js [3ms]
[2022-04-22T18:33:29.413Z] > git ls-files --stage -- /home/ranchhor/Desktop/CODE/React/SpotifyClone/spotify-clone/src/login.js [2ms]
[2022-04-22T18:36:57.858Z] > git ls-files --stage -- /home/ranchhor/Desktop/CODE/React/SpotifyClone/spotify-clone/server/server.js [3ms]
[2022-04-22T18:37:01.187Z] > git ls-files --stage -- /home/ranchhor/Desktop/CODE/React/SpotifyClone/spotify-clone/src/App.js [2ms]
[2022-04-22T18:37:02.258Z] > git ls-files --stage -- /home/ranchhor/Desktop/CODE/React/SpotifyClone/spotify-clone/src/login.js [4ms]
[2022-04-22T18:38:19.432Z] > git ls-files --stage -- /home/ranchhor/Desktop/CODE/React/SpotifyClone/spotify-clone/src/login.js [2ms]
[2022-04-22T18:39:55.254Z] > git ls-files --stage -- /home/ranchhor/Desktop/CODE/React/SpotifyClone/spotify-clone/src/App.js [2ms]
[2022-04-22T18:41:52.744Z] > git ls-files --stage -- /home/ranchhor/Desktop/CODE/React/SpotifyClone/spotify-clone/server/server.js [1ms]
[2022-04-22T18:41:53.466Z] > git ls-files --stage -- /home/ranchhor/Desktop/CODE/React/SpotifyClone/spotify-clone/server/package.json [2ms]
[2022-04-22T18:41:54.351Z] > git ls-files --stage -- /home/ranchhor/Desktop/CODE/React/SpotifyClone/spotify-clone/src/App.js [1ms]
