[2022-04-26T16:37:55.346Z] Validating found git in: git
[2022-04-26T16:37:55.401Z] Using git 2.32.0 from git
[2022-04-26T16:37:56.823Z] > git rev-parse --git-dir [1360ms]
[2022-04-26T16:37:56.829Z] Open repository: /home/ranchhor
[2022-04-26T16:37:57.165Z] > git ls-files --stage -- /home/ranchhor/Desktop/CODE/React/SpotifyClone/spotify-clone/src/App.js [2ms]
[2022-04-26T16:38:03.030Z] > git ls-files --stage -- /home/ranchhor/Desktop/CODE/React/SpotifyClone/spotify-clone/src/App.js [2ms]
[2022-04-26T16:38:43.323Z] > git symbolic-ref --short HEAD [2ms]
[2022-04-26T16:38:43.333Z] > git for-each-ref --format=%(refname)%00%(upstream:short)%00%(objectname)%00%(upstream:track) refs/heads/main refs/remotes/main [3ms]
[2022-04-26T16:38:43.345Z] > git remote --verbose [1ms]
[2022-04-26T16:38:43.346Z] > git for-each-ref --sort -committerdate --format %(refname) %(objectname) %(*objectname) [7ms]
[2022-04-26T16:38:43.496Z] > git config --get commit.template [2ms]
[2022-04-26T16:39:14.067Z] > git ls-files --stage -- /home/ranchhor/Desktop/CODE/React/SpotifyClone/spotify-clone/src/index.js [4ms]
[2022-04-26T16:39:15.346Z] > git ls-files --stage -- /home/ranchhor/Desktop/CODE/React/SpotifyClone/spotify-clone/src/login.js [3ms]
[2022-04-26T16:47:17.815Z] > git ls-files --stage -- /home/ranchhor/Desktop/CODE/React/SpotifyClone/spotify-clone/src/App.js [2ms]
[2022-04-26T16:47:20.434Z] > git ls-files --stage -- /home/ranchhor/Desktop/CODE/React/SpotifyClone/spotify-clone/src/login.js [4ms]
[2022-04-26T16:47:21.142Z] > git ls-files --stage -- /home/ranchhor/Desktop/CODE/React/SpotifyClone/spotify-clone/src/App.js [1ms]
[2022-04-26T16:47:23.178Z] > git ls-files --stage -- /home/ranchhor/Desktop/CODE/React/SpotifyClone/spotify-clone/src/login.js [1ms]
[2022-04-26T16:48:11.168Z] > git ls-files --stage -- /home/ranchhor/Desktop/CODE/React/SpotifyClone/spotify-clone/src/App.js [1ms]
[2022-04-26T16:48:20.724Z] > git ls-files --stage -- /home/ranchhor/Desktop/CODE/React/SpotifyClone/spotify-clone/src/login.js [1ms]
[2022-04-26T16:48:23.965Z] > git ls-files --stage -- /home/ranchhor/Desktop/CODE/React/SpotifyClone/spotify-clone/src/App.js [5ms]
[2022-04-26T16:48:28.923Z] > git ls-files --stage -- /home/ranchhor/Desktop/CODE/React/SpotifyClone/spotify-clone/src/index.js [2ms]
[2022-04-26T16:48:33.023Z] > git ls-files --stage -- /home/ranchhor/Desktop/CODE/React/SpotifyClone/spotify-clone/src/App.js [1ms]
[2022-04-26T16:48:33.887Z] > git ls-files --stage -- /home/ranchhor/Desktop/CODE/React/SpotifyClone/spotify-clone/src/login.js [2ms]
[2022-04-26T16:48:37.363Z] > git ls-files --stage -- /home/ranchhor/Desktop/CODE/React/SpotifyClone/spotify-clone/src/App.js [2ms]
[2022-04-26T16:48:49.491Z] > git log --format=%H%n%aN%n%aE%n%at%n%ct%n%P%n%B -z -n21 -- /home/ranchhor/Desktop/CODE/React/SpotifyClone/spotify-clone/src/App.js [3ms]
